<?xml version="1.0" encoding="UTF-8"?>
<testsuite xmlns:xsi="http://www.w3.org/2001/XMLSchema-instance" xsi:noNamespaceSchemaLocation="https://maven.apache.org/surefire/maven-surefire-plugin/xsd/surefire-test-report-3.0.xsd" version="3.0" name="local_search.acceptation_type.AcceptNotBadUTest" time="0.013" tests="4" errors="0" skipped="0" failures="0">
  <properties>
[...]
</properties>
  <testcase name="testAcceptCandidateMaximizeFalse" classname="local_search.acceptation_type.AcceptNotBadUTest" time="0.006"/>
  <testcase name="testAcceptCandidateMinimizeFalse" classname="local_search.acceptation_type.AcceptNotBadUTest" time="0.002"/>
  <testcase name="testAcceptCandidateMaximizeTrue" classname="local_search.acceptation_type.AcceptNotBadUTest" time="0.001"/>
  <testcase name="testAcceptCandidateMinimizeTrue" classname="local_search.acceptation_type.AcceptNotBadUTest" time="0.002"/>
</testsuite>